<?xml version="1.0" encoding="UTF-8"?>
<testng-results skipped="0" failed="0" total="2" passed="2">
  <reporter-output>
  </reporter-output>
  <suite name="Default suite" duration-ms="58" started-at="2019-12-26T05:07:08Z" finished-at="2019-12-26T05:07:08Z">
    <groups>
    </groups>
    <test name="Default test" duration-ms="58" started-at="2019-12-26T05:07:08Z" finished-at="2019-12-26T05:07:08Z">
      <class name="Practiceproject.Practiceproject.Dataproviderwithtestng">
        <test-method status="PASS" signature="test(java.lang.String, java.lang.String)[pri:0, instance:Practiceproject.Practiceproject.Dataproviderwithtestng@32d992b2]" name="test" duration-ms="13" started-at="2019-12-26T10:37:08Z" data-provider="mydataprovider" finished-at="2019-12-26T10:37:08Z">
          <params>
            <param index="0">
              <value>
                <![CDATA[user1]]>
              </value>
            </param>
            <param index="1">
              <value>
                <![CDATA[pswd1]]>
              </value>
            </param>
          </params>
          <reporter-output>
          </reporter-output>
        </test-method> <!-- test -->
        <test-method status="PASS" signature="test(java.lang.String, java.lang.String)[pri:0, instance:Practiceproject.Practiceproject.Dataproviderwithtestng@32d992b2]" name="test" duration-ms="3" started-at="2019-12-26T10:37:08Z" data-provider="mydataprovider" finished-at="2019-12-26T10:37:08Z">
          <params>
            <param index="0">
              <value>
                <![CDATA[user2]]>
              </value>
            </param>
            <param index="1">
              <value>
                <![CDATA[pswd2]]>
              </value>
            </param>
          </params>
          <reporter-output>
          </reporter-output>
        </test-method> <!-- test -->
      </class> <!-- Practiceproject.Practiceproject.Dataproviderwithtestng -->
    </test> <!-- Default test -->
  </suite> <!-- Default suite -->
</testng-results>
